<?xml version="1.0" encoding="UTF-8"?>
<!-- Generated by org.testng.reporters.JUnitReportReporter -->
<testsuite hostname="DESKTOP-BQ1DCCE" failures="0" tests="2" name="GmailRegister" time="42.381" errors="0" timestamp="2020-10-02T00:21:26 IST" skipped="0">
  <testcase classname="GmailRegister" name="notlogin" time="34.855"/>
  <system-out/>
  <testcase classname="GmailRegister" name="naukrilaunch" time="7.526"/>
  <system-out/>
</testsuite> <!-- GmailRegister -->
