<?xml version="1.0" encoding="UTF-8"?>
<!-- Generated by org.testng.reporters.JUnitReportReporter -->
<testsuite hostname="DESKTOP-BQ1DCCE" failures="0" tests="1" name="GmailRegister" time="15.923" errors="0" timestamp="2020-10-01T23:41:47 IST" skipped="0">
  <testcase classname="GmailRegister" name="naukrilaunch" time="15.923"/>
  <system-out/>
</testsuite> <!-- GmailRegister -->
